[0.252s] DEBUG:colcon:Command line arguments: ['/usr/bin/colcon', 'build', '--packages-select', 'megoldas_sim24']
[0.252s] DEBUG:colcon:Parsed command line arguments: Namespace(allow_overriding=[], ament_cmake_args=None, base_paths=['.'], build_base='build', catkin_cmake_args=None, catkin_skip_building_tests=False, cmake_args=None, cmake_clean_cache=False, cmake_clean_first=False, cmake_force_configure=False, cmake_target=None, cmake_target_skip_unavailable=False, continue_on_error=False, event_handlers=None, executor='parallel', ignore_user_meta=False, install_base='install', log_base=None, log_level=None, main=<bound method BuildVerb.main of <colcon_core.verb.build.BuildVerb object at 0x7ff6b589d850>>, merge_install=False, metas=['./colcon.meta'], packages_above=None, packages_above_and_dependencies=None, packages_above_depth=None, packages_end=None, packages_ignore=None, packages_ignore_regex=None, packages_select=['megoldas_sim24'], packages_select_build_failed=False, packages_select_by_dep=None, packages_select_regex=None, packages_select_test_failures=False, packages_skip=None, packages_skip_build_finished=False, packages_skip_by_dep=None, packages_skip_regex=None, packages_skip_test_passed=False, packages_skip_up_to=None, packages_start=None, packages_up_to=None, packages_up_to_regex=None, parallel_workers=16, paths=None, symlink_install=False, test_result_base=None, verb_extension=<colcon_core.verb.build.BuildVerb object at 0x7ff6b589d850>, verb_name='build', verb_parser=<colcon_defaults.argument_parser.defaults.DefaultArgumentsDecorator object at 0x7ff6b589dfa0>)
[0.357s] Level 1:colcon.colcon_core.package_discovery:discover_packages(colcon_meta) check parameters
[0.358s] Level 1:colcon.colcon_core.package_discovery:discover_packages(recursive) check parameters
[0.358s] Level 1:colcon.colcon_core.package_discovery:discover_packages(ignore) check parameters
[0.358s] Level 1:colcon.colcon_core.package_discovery:discover_packages(path) check parameters
[0.358s] Level 1:colcon.colcon_core.package_discovery:discover_packages(colcon_meta) discover
[0.359s] Level 1:colcon.colcon_core.package_discovery:discover_packages(recursive) discover
[0.359s] INFO:colcon.colcon_core.package_discovery:Crawling recursively for packages in '/mnt/c/Egyetem/Ösztöndíj/megoldas_sim24'
[0.360s] Level 1:colcon.colcon_core.package_identification:_identify(.) by extensions ['ignore', 'ignore_ament_install']
[0.360s] Level 1:colcon.colcon_core.package_identification:_identify(.) by extension 'ignore'
[0.361s] Level 1:colcon.colcon_core.package_identification:_identify(.) by extension 'ignore_ament_install'
[0.361s] Level 1:colcon.colcon_core.package_identification:_identify(.) by extensions ['colcon_pkg']
[0.361s] Level 1:colcon.colcon_core.package_identification:_identify(.) by extension 'colcon_pkg'
[0.361s] Level 1:colcon.colcon_core.package_identification:_identify(.) by extensions ['colcon_meta']
[0.361s] Level 1:colcon.colcon_core.package_identification:_identify(.) by extension 'colcon_meta'
[0.361s] Level 1:colcon.colcon_core.package_identification:_identify(.) by extensions ['ros']
[0.362s] Level 1:colcon.colcon_core.package_identification:_identify(.) by extension 'ros'
[0.373s] DEBUG:colcon.colcon_core.package_identification:Package '.' with type 'ros.ament_python' and name 'megoldas_sim24'
[0.373s] Level 1:colcon.colcon_core.package_discovery:discover_packages(recursive) using defaults
[0.373s] Level 1:colcon.colcon_core.package_discovery:discover_packages(ignore) discover
[0.374s] Level 1:colcon.colcon_core.package_discovery:discover_packages(ignore) using defaults
[0.374s] Level 1:colcon.colcon_core.package_discovery:discover_packages(path) discover
[0.374s] Level 1:colcon.colcon_core.package_discovery:discover_packages(path) using defaults
[0.388s] Level 1:colcon.colcon_core.package_discovery:discover_packages(prefix_path) check parameters
[0.388s] Level 1:colcon.colcon_core.package_discovery:discover_packages(prefix_path) discover
[0.389s] DEBUG:colcon.colcon_installed_package_information.package_discovery:Found 256 installed packages in /opt/ros/foxy
[0.397s] Level 1:colcon.colcon_core.package_discovery:discover_packages(prefix_path) using defaults
[0.451s] Level 5:colcon.colcon_core.verb:set package 'megoldas_sim24' build argument 'cmake_args' from command line to 'None'
[0.451s] Level 5:colcon.colcon_core.verb:set package 'megoldas_sim24' build argument 'cmake_target' from command line to 'None'
[0.451s] Level 5:colcon.colcon_core.verb:set package 'megoldas_sim24' build argument 'cmake_target_skip_unavailable' from command line to 'False'
[0.451s] Level 5:colcon.colcon_core.verb:set package 'megoldas_sim24' build argument 'cmake_clean_cache' from command line to 'False'
[0.451s] Level 5:colcon.colcon_core.verb:set package 'megoldas_sim24' build argument 'cmake_clean_first' from command line to 'False'
[0.451s] Level 5:colcon.colcon_core.verb:set package 'megoldas_sim24' build argument 'cmake_force_configure' from command line to 'False'
[0.451s] Level 5:colcon.colcon_core.verb:set package 'megoldas_sim24' build argument 'ament_cmake_args' from command line to 'None'
[0.451s] Level 5:colcon.colcon_core.verb:set package 'megoldas_sim24' build argument 'catkin_cmake_args' from command line to 'None'
[0.452s] Level 5:colcon.colcon_core.verb:set package 'megoldas_sim24' build argument 'catkin_skip_building_tests' from command line to 'False'
[0.452s] DEBUG:colcon.colcon_core.verb:Building package 'megoldas_sim24' with the following arguments: {'ament_cmake_args': None, 'build_base': '/mnt/c/Egyetem/Ösztöndíj/megoldas_sim24/build/megoldas_sim24', 'catkin_cmake_args': None, 'catkin_skip_building_tests': False, 'cmake_args': None, 'cmake_clean_cache': False, 'cmake_clean_first': False, 'cmake_force_configure': False, 'cmake_target': None, 'cmake_target_skip_unavailable': False, 'install_base': '/mnt/c/Egyetem/Ösztöndíj/megoldas_sim24/install/megoldas_sim24', 'merge_install': False, 'path': '/mnt/c/Egyetem/Ösztöndíj/megoldas_sim24', 'symlink_install': False, 'test_result_base': None}
[0.452s] INFO:colcon.colcon_core.executor:Executing jobs using 'parallel' executor
[0.453s] DEBUG:colcon.colcon_parallel_executor.executor.parallel:run_until_complete
[0.453s] INFO:colcon.colcon_ros.task.ament_python.build:Building ROS package in '/mnt/c/Egyetem/Ösztöndíj/megoldas_sim24' with build type 'ament_python'
[0.453s] Level 1:colcon.colcon_core.shell:create_environment_hook('megoldas_sim24', 'ament_prefix_path')
[0.455s] INFO:colcon.colcon_core.plugin_system:Skipping extension 'colcon_core.shell.bat': Not used on non-Windows systems
[0.455s] INFO:colcon.colcon_core.shell:Creating environment hook '/mnt/c/Egyetem/Ösztöndíj/megoldas_sim24/install/megoldas_sim24/share/megoldas_sim24/hook/ament_prefix_path.ps1'
[0.465s] INFO:colcon.colcon_core.shell:Creating environment descriptor '/mnt/c/Egyetem/Ösztöndíj/megoldas_sim24/install/megoldas_sim24/share/megoldas_sim24/hook/ament_prefix_path.dsv'
[0.473s] INFO:colcon.colcon_core.shell:Creating environment hook '/mnt/c/Egyetem/Ösztöndíj/megoldas_sim24/install/megoldas_sim24/share/megoldas_sim24/hook/ament_prefix_path.sh'
[0.484s] INFO:colcon.colcon_core.shell:Skip shell extension 'powershell' for command environment: Not usable outside of PowerShell
[0.484s] DEBUG:colcon.colcon_core.shell:Skip shell extension 'dsv' for command environment
[0.485s] DEBUG:colcon.colcon_core.shell:Ignoring prefix path '/home/adam/catkin_ws/devel'
[0.485s] DEBUG:colcon.colcon_core.shell:Ignoring prefix path '/opt/ros/noetic'
[0.677s] INFO:colcon.colcon_core.task.python.build:Building Python package in '/mnt/c/Egyetem/Ösztöndíj/megoldas_sim24'
[0.678s] INFO:colcon.colcon_core.shell:Skip shell extension 'powershell' for command environment: Not usable outside of PowerShell
[0.678s] DEBUG:colcon.colcon_core.shell:Skip shell extension 'dsv' for command environment
[0.679s] DEBUG:colcon.colcon_core.shell:Ignoring prefix path '/home/adam/catkin_ws/devel'
[0.679s] DEBUG:colcon.colcon_core.shell:Ignoring prefix path '/opt/ros/noetic'
[1.619s] DEBUG:colcon.colcon_core.event_handler.log_command:Invoking command in '/mnt/c/Egyetem/Ösztöndíj/megoldas_sim24': PYTHONPATH=/mnt/c/Egyetem/Ösztöndíj/megoldas_sim24/build/megoldas_sim24/prefix_override:/usr/lib/python3/dist-packages/colcon_core/task/python/colcon_distutils_commands:/mnt/c/Egyetem/Ösztöndíj/megoldas_sim24/install/megoldas_sim24/lib/python3.8/site-packages:${PYTHONPATH} /usr/bin/python3 -W ignore:setup.py install is deprecated -W ignore:easy_install command is deprecated setup.py egg_info --egg-base build/megoldas_sim24 build --build-base /mnt/c/Egyetem/Ösztöndíj/megoldas_sim24/build/megoldas_sim24/build install --record /mnt/c/Egyetem/Ösztöndíj/megoldas_sim24/build/megoldas_sim24/install.log --single-version-externally-managed install_data
[2.892s] DEBUG:colcon.colcon_core.event_handler.log_command:Invoked command in '/mnt/c/Egyetem/Ösztöndíj/megoldas_sim24' returned '0': PYTHONPATH=/mnt/c/Egyetem/Ösztöndíj/megoldas_sim24/build/megoldas_sim24/prefix_override:/usr/lib/python3/dist-packages/colcon_core/task/python/colcon_distutils_commands:/mnt/c/Egyetem/Ösztöndíj/megoldas_sim24/install/megoldas_sim24/lib/python3.8/site-packages:${PYTHONPATH} /usr/bin/python3 -W ignore:setup.py install is deprecated -W ignore:easy_install command is deprecated setup.py egg_info --egg-base build/megoldas_sim24 build --build-base /mnt/c/Egyetem/Ösztöndíj/megoldas_sim24/build/megoldas_sim24/build install --record /mnt/c/Egyetem/Ösztöndíj/megoldas_sim24/build/megoldas_sim24/install.log --single-version-externally-managed install_data
[2.895s] Level 1:colcon.colcon_core.environment:checking '/mnt/c/Egyetem/Ösztöndíj/megoldas_sim24/install/megoldas_sim24' for CMake module files
[2.926s] Level 1:colcon.colcon_core.environment:checking '/mnt/c/Egyetem/Ösztöndíj/megoldas_sim24/install/megoldas_sim24' for CMake config files
[2.968s] Level 1:colcon.colcon_core.environment:checking '/mnt/c/Egyetem/Ösztöndíj/megoldas_sim24/install/megoldas_sim24/lib'
[2.971s] Level 1:colcon.colcon_core.environment:checking '/mnt/c/Egyetem/Ösztöndíj/megoldas_sim24/install/megoldas_sim24/bin'
[2.971s] Level 1:colcon.colcon_core.environment:checking '/mnt/c/Egyetem/Ösztöndíj/megoldas_sim24/install/megoldas_sim24/lib/pkgconfig/megoldas_sim24.pc'
[2.972s] Level 1:colcon.colcon_core.environment:checking '/mnt/c/Egyetem/Ösztöndíj/megoldas_sim24/install/megoldas_sim24/lib/python3.8/site-packages'
[2.974s] Level 1:colcon.colcon_core.shell:create_environment_hook('megoldas_sim24', 'pythonpath')
[2.974s] INFO:colcon.colcon_core.shell:Creating environment hook '/mnt/c/Egyetem/Ösztöndíj/megoldas_sim24/install/megoldas_sim24/share/megoldas_sim24/hook/pythonpath.ps1'
[2.981s] INFO:colcon.colcon_core.shell:Creating environment descriptor '/mnt/c/Egyetem/Ösztöndíj/megoldas_sim24/install/megoldas_sim24/share/megoldas_sim24/hook/pythonpath.dsv'
[2.989s] INFO:colcon.colcon_core.shell:Creating environment hook '/mnt/c/Egyetem/Ösztöndíj/megoldas_sim24/install/megoldas_sim24/share/megoldas_sim24/hook/pythonpath.sh'
[2.998s] Level 1:colcon.colcon_core.environment:checking '/mnt/c/Egyetem/Ösztöndíj/megoldas_sim24/install/megoldas_sim24/bin'
[2.999s] Level 1:colcon.colcon_core.environment:create_environment_scripts_only(megoldas_sim24)
[2.999s] INFO:colcon.colcon_core.shell:Creating package script '/mnt/c/Egyetem/Ösztöndíj/megoldas_sim24/install/megoldas_sim24/share/megoldas_sim24/package.ps1'
[3.008s] INFO:colcon.colcon_core.shell:Creating package descriptor '/mnt/c/Egyetem/Ösztöndíj/megoldas_sim24/install/megoldas_sim24/share/megoldas_sim24/package.dsv'
[3.015s] INFO:colcon.colcon_core.shell:Creating package script '/mnt/c/Egyetem/Ösztöndíj/megoldas_sim24/install/megoldas_sim24/share/megoldas_sim24/package.sh'
[3.025s] INFO:colcon.colcon_core.shell:Creating package script '/mnt/c/Egyetem/Ösztöndíj/megoldas_sim24/install/megoldas_sim24/share/megoldas_sim24/package.bash'
[3.033s] INFO:colcon.colcon_core.shell:Creating package script '/mnt/c/Egyetem/Ösztöndíj/megoldas_sim24/install/megoldas_sim24/share/megoldas_sim24/package.zsh'
[3.041s] Level 1:colcon.colcon_core.environment:create_file_with_runtime_dependencies(/mnt/c/Egyetem/Ösztöndíj/megoldas_sim24/install/megoldas_sim24/share/colcon-core/packages/megoldas_sim24)
[3.048s] DEBUG:colcon.colcon_parallel_executor.executor.parallel:closing loop
[3.048s] DEBUG:colcon.colcon_parallel_executor.executor.parallel:loop closed
[3.049s] DEBUG:colcon.colcon_parallel_executor.executor.parallel:run_until_complete finished with '0'
[3.049s] DEBUG:colcon.colcon_core.event_reactor:joining thread
[3.106s] INFO:colcon.colcon_core.plugin_system:Skipping extension 'colcon_notification.desktop_notification.notify_send': Could not find 'notify-send'
[3.107s] INFO:colcon.colcon_core.plugin_system:Skipping extension 'colcon_notification.desktop_notification.terminal_notifier': Not used on non-Darwin systems
[3.107s] INFO:colcon.colcon_core.plugin_system:Skipping extension 'colcon_notification.desktop_notification.win32': Not used on non-Windows systems
[3.107s] INFO:colcon.colcon_notification.desktop_notification:Sending desktop notification using 'notify2'
[3.108s] DEBUG:colcon.colcon_notification.desktop_notification.notify2:Failed to initialize notify2: org.freedesktop.DBus.Error.ServiceUnknown: The name org.freedesktop.Notifications was not provided by any .service files
[3.108s] DEBUG:colcon.colcon_core.event_reactor:joined thread
[3.109s] INFO:colcon.colcon_core.shell:Creating prefix script '/mnt/c/Egyetem/Ösztöndíj/megoldas_sim24/install/local_setup.ps1'
[3.112s] INFO:colcon.colcon_core.shell:Creating prefix util module '/mnt/c/Egyetem/Ösztöndíj/megoldas_sim24/install/_local_setup_util_ps1.py'
[3.117s] INFO:colcon.colcon_core.shell:Creating prefix chain script '/mnt/c/Egyetem/Ösztöndíj/megoldas_sim24/install/setup.ps1'
[3.120s] INFO:colcon.colcon_core.shell:Creating prefix script '/mnt/c/Egyetem/Ösztöndíj/megoldas_sim24/install/local_setup.sh'
[3.124s] INFO:colcon.colcon_core.shell:Creating prefix util module '/mnt/c/Egyetem/Ösztöndíj/megoldas_sim24/install/_local_setup_util_sh.py'
[3.129s] INFO:colcon.colcon_core.shell:Creating prefix chain script '/mnt/c/Egyetem/Ösztöndíj/megoldas_sim24/install/setup.sh'
[3.134s] INFO:colcon.colcon_core.shell:Creating prefix script '/mnt/c/Egyetem/Ösztöndíj/megoldas_sim24/install/local_setup.bash'
[3.139s] INFO:colcon.colcon_core.shell:Creating prefix chain script '/mnt/c/Egyetem/Ösztöndíj/megoldas_sim24/install/setup.bash'
[3.146s] INFO:colcon.colcon_core.shell:Creating prefix script '/mnt/c/Egyetem/Ösztöndíj/megoldas_sim24/install/local_setup.zsh'
[3.151s] INFO:colcon.colcon_core.shell:Creating prefix chain script '/mnt/c/Egyetem/Ösztöndíj/megoldas_sim24/install/setup.zsh'
